<?xml version="1.0" encoding="UTF-8"?>
<testsuite name="bittybuzz.BittyBuzz.BittyBuzzApplicationTests" tests="1" skipped="0" failures="0" errors="0" timestamp="2024-10-30T01:06:39" hostname="XORUAX" time="0.841">
  <properties/>
  <testcase name="contextLoads()" classname="bittybuzz.BittyBuzz.BittyBuzzApplicationTests" time="0.841"/>
  <system-out><![CDATA[10:06:37.446 [Test worker] INFO org.springframework.test.context.support.AnnotationConfigContextLoaderUtils -- Could not detect default configuration classes for test class [bittybuzz.BittyBuzz.BittyBuzzApplicationTests]: BittyBuzzApplicationTests does not declare any static, non-private, non-final, nested classes annotated with @Configuration.
10:06:37.586 [Test worker] INFO org.springframework.boot.test.context.SpringBootTestContextBootstrapper -- Found @SpringBootConfiguration bittybuzz.BittyBuzz.BittyBuzzApplication for test class bittybuzz.BittyBuzz.BittyBuzzApplicationTests

  .   ____          _            __ _ _
 /\\ / ___'_ __ _ _(_)_ __  __ _ \ \ \ \
( ( )\___ | '_ | '_| | '_ \/ _` | \ \ \ \
 \\/  ___)| |_)| | | | | || (_| |  ) ) ) )
  '  |____| .__|_| |_|_| |_\__, | / / / /
 =========|_|==============|___/=/_/_/_/

 :: Spring Boot ::                (v3.3.5)

2024-10-30T10:06:38.065+09:00  INFO 20172 --- [BittyBuzz] [    Test worker] b.BittyBuzz.BittyBuzzApplicationTests    : Starting BittyBuzzApplicationTests using Java 17.0.8 with PID 20172 (started by user in C:\Users\user\Desktop\BittyBuzz\BittyBuzz)
2024-10-30T10:06:38.067+09:00  INFO 20172 --- [BittyBuzz] [    Test worker] b.BittyBuzz.BittyBuzzApplicationTests    : No active profile set, falling back to 1 default profile: "default"
2024-10-30T10:06:39.625+09:00  INFO 20172 --- [BittyBuzz] [    Test worker] b.BittyBuzz.BittyBuzzApplicationTests    : Started BittyBuzzApplicationTests in 1.803 seconds (process running for 3.019)
]]></system-out>
  <system-err><![CDATA[]]></system-err>
</testsuite>
